TN:
SF:jest.config.js
FNF:0
FNH:0
DA:2,0
LF:1
LH:0
BRF:0
BRH:0
end_of_record
TN:
SF:server.js
FN:40,(anonymous_0)
FN:53,(anonymous_1)
FN:62,(anonymous_2)
FN:75,(anonymous_3)
FN:77,(anonymous_4)
FN:98,(anonymous_5)
FN:122,(anonymous_6)
FN:155,(anonymous_7)
FN:157,(anonymous_8)
FN:178,(anonymous_9)
FN:200,(anonymous_10)
FN:234,(anonymous_11)
FN:244,(anonymous_12)
FN:263,(anonymous_13)
FN:272,(anonymous_14)
FN:282,(anonymous_15)
FN:305,(anonymous_16)
FN:316,(anonymous_17)
FN:333,(anonymous_18)
FN:345,(anonymous_19)
FN:385,(anonymous_20)
FN:388,(anonymous_21)
FN:418,(anonymous_22)
FN:431,(anonymous_23)
FN:444,(anonymous_24)
FN:451,(anonymous_25)
FN:467,(anonymous_26)
FN:482,(anonymous_27)
FN:497,(anonymous_28)
FN:521,(anonymous_29)
FN:524,(anonymous_30)
FN:529,(anonymous_31)
FN:552,(anonymous_32)
FNF:33
FNH:29
FNDA:2,(anonymous_0)
FNDA:29,(anonymous_1)
FNDA:4,(anonymous_2)
FNDA:3,(anonymous_3)
FNDA:2,(anonymous_4)
FNDA:5,(anonymous_5)
FNDA:3,(anonymous_6)
FNDA:3,(anonymous_7)
FNDA:2,(anonymous_8)
FNDA:3,(anonymous_9)
FNDA:3,(anonymous_10)
FNDA:4,(anonymous_11)
FNDA:2,(anonymous_12)
FNDA:3,(anonymous_13)
FNDA:2,(anonymous_14)
FNDA:3,(anonymous_15)
FNDA:4,(anonymous_16)
FNDA:3,(anonymous_17)
FNDA:4,(anonymous_18)
FNDA:2,(anonymous_19)
FNDA:3,(anonymous_20)
FNDA:7,(anonymous_21)
FNDA:1,(anonymous_22)
FNDA:2,(anonymous_23)
FNDA:2,(anonymous_24)
FNDA:0,(anonymous_25)
FNDA:4,(anonymous_26)
FNDA:2,(anonymous_27)
FNDA:2,(anonymous_28)
FNDA:2,(anonymous_29)
FNDA:0,(anonymous_30)
FNDA:0,(anonymous_31)
FNDA:0,(anonymous_32)
DA:1,3
DA:2,3
DA:3,3
DA:4,3
DA:5,3
DA:6,3
DA:7,3
DA:8,3
DA:11,3
DA:12,3
DA:15,3
DA:16,3
DA:17,3
DA:26,3
DA:37,3
DA:40,3
DA:41,2
DA:42,2
DA:48,3
DA:49,3
DA:50,3
DA:53,3
DA:54,29
DA:55,29
DA:59,3
DA:62,3
DA:65,4
DA:66,4
DA:67,4
DA:69,4
DA:75,3
DA:76,3
DA:77,3
DA:78,2
DA:79,2
DA:80,2
DA:84,2
DA:86,2
DA:93,1
DA:98,3
DA:99,5
DA:100,5
DA:101,5
DA:102,1
DA:108,4
DA:109,0
DA:115,4
DA:116,4
DA:117,1
DA:122,3
DA:123,3
DA:127,3
DA:128,1
DA:130,2
DA:132,2
DA:136,2
DA:138,2
DA:144,1
DA:145,1
DA:150,0
DA:155,3
DA:156,3
DA:157,3
DA:158,2
DA:159,2
DA:160,2
DA:164,2
DA:166,2
DA:173,1
DA:178,3
DA:179,3
DA:180,3
DA:181,3
DA:182,0
DA:187,3
DA:188,0
DA:193,3
DA:194,3
DA:195,0
DA:200,3
DA:201,3
DA:205,3
DA:206,1
DA:208,2
DA:209,2
DA:213,2
DA:215,2
DA:221,1
DA:222,1
DA:227,0
DA:234,3
DA:235,4
DA:237,4
DA:238,2
DA:243,2
DA:244,2
DA:246,2
DA:253,2
DA:258,0
DA:263,3
DA:264,3
DA:265,3
DA:266,1
DA:271,2
DA:272,2
DA:274,2
DA:282,3
DA:287,2
DA:291,2
DA:293,2
DA:298,0
DA:305,3
DA:306,4
DA:307,4
DA:308,4
DA:309,1
DA:315,3
DA:316,3
DA:317,3
DA:322,3
DA:323,3
DA:328,0
DA:333,3
DA:334,4
DA:335,4
DA:336,4
DA:338,4
DA:339,1
DA:345,3
DA:346,2
DA:350,2
DA:351,0
DA:353,2
DA:354,2
DA:358,2
DA:361,2
DA:366,2
DA:367,2
DA:372,1
DA:373,1
DA:378,0
DA:383,3
DA:385,3
DA:386,3
DA:388,3
DA:389,7
DA:390,7
DA:391,7
DA:392,0
DA:393,0
DA:396,7
DA:400,7
DA:401,1
DA:402,1
DA:404,6
DA:405,6
DA:406,6
DA:408,6
DA:409,6
DA:411,6
DA:413,0
DA:414,0
DA:418,3
DA:419,1
DA:420,1
DA:421,1
DA:422,1
DA:424,0
DA:426,0
DA:427,0
DA:431,3
DA:432,2
DA:433,2
DA:434,1
DA:435,1
DA:437,1
DA:439,0
DA:440,0
DA:444,3
DA:445,2
DA:446,2
DA:447,2
DA:448,1
DA:449,1
DA:451,1
DA:452,0
DA:459,1
DA:460,1
DA:462,0
DA:463,0
DA:467,3
DA:468,4
DA:469,4
DA:470,4
DA:471,3
DA:472,3
DA:474,1
DA:475,1
DA:477,0
DA:478,0
DA:482,3
DA:483,2
DA:484,2
DA:485,2
DA:486,1
DA:487,1
DA:489,1
DA:490,1
DA:492,0
DA:493,0
DA:497,3
DA:498,2
DA:499,2
DA:500,1
DA:501,1
DA:504,1
DA:505,1
DA:506,1
DA:507,1
DA:508,1
DA:510,0
DA:513,1
DA:515,0
DA:516,0
DA:521,3
DA:522,2
DA:523,2
DA:524,2
DA:525,0
DA:526,0
DA:528,0
DA:529,0
DA:530,0
DA:531,0
DA:535,0
DA:540,0
DA:546,3
DA:547,3
DA:548,3
DA:551,3
DA:552,0
DA:553,0
LF:242
LH:202
BRDA:40,0,0,0
BRDA:101,1,0,1
BRDA:101,1,1,4
BRDA:101,2,0,5
BRDA:101,2,1,5
BRDA:101,2,2,4
BRDA:108,3,0,0
BRDA:108,3,1,4
BRDA:108,4,0,4
BRDA:108,4,1,4
BRDA:108,4,2,4
BRDA:116,5,0,1
BRDA:116,5,1,3
BRDA:127,6,0,1
BRDA:127,6,1,2
BRDA:144,7,0,1
BRDA:144,7,1,0
BRDA:181,8,0,0
BRDA:181,8,1,3
BRDA:181,9,0,3
BRDA:181,9,1,3
BRDA:181,9,2,3
BRDA:187,10,0,0
BRDA:187,10,1,3
BRDA:187,11,0,3
BRDA:187,11,1,3
BRDA:187,11,2,3
BRDA:194,12,0,0
BRDA:194,12,1,3
BRDA:205,13,0,1
BRDA:205,13,1,2
BRDA:221,14,0,1
BRDA:221,14,1,0
BRDA:237,15,0,2
BRDA:237,15,1,2
BRDA:237,16,0,4
BRDA:237,16,1,4
BRDA:237,16,2,3
BRDA:237,16,3,3
BRDA:265,17,0,1
BRDA:265,17,1,2
BRDA:308,18,0,1
BRDA:308,18,1,3
BRDA:308,19,0,4
BRDA:308,19,1,4
BRDA:336,20,0,4
BRDA:336,20,1,4
BRDA:338,21,0,1
BRDA:338,21,1,3
BRDA:338,22,0,4
BRDA:338,22,1,4
BRDA:338,22,2,3
BRDA:350,23,0,0
BRDA:350,23,1,2
BRDA:372,24,0,1
BRDA:372,24,1,0
BRDA:391,25,0,0
BRDA:391,25,1,7
BRDA:391,26,0,7
BRDA:391,26,1,7
BRDA:391,26,2,7
BRDA:400,27,0,1
BRDA:400,27,1,6
BRDA:408,28,0,1
BRDA:408,28,1,5
BRDA:420,29,0,1
BRDA:420,29,1,0
BRDA:420,30,0,1
BRDA:420,30,1,1
BRDA:433,31,0,1
BRDA:433,31,1,1
BRDA:433,32,0,2
BRDA:433,32,1,2
BRDA:433,32,2,2
BRDA:433,32,3,1
BRDA:447,33,0,1
BRDA:447,33,1,1
BRDA:447,34,0,2
BRDA:447,34,1,2
BRDA:447,34,2,2
BRDA:447,34,3,2
BRDA:470,35,0,3
BRDA:470,35,1,1
BRDA:485,36,0,1
BRDA:485,36,1,1
BRDA:485,37,0,2
BRDA:485,37,1,2
BRDA:499,38,0,1
BRDA:499,38,1,1
BRDA:505,39,0,1
BRDA:505,39,1,0
BRDA:507,40,0,1
BRDA:507,40,1,0
BRDA:525,41,0,0
BRDA:525,41,1,0
BRDA:528,42,0,0
BRDA:528,42,1,0
BRDA:530,43,0,0
BRDA:530,43,1,0
BRDA:530,44,0,0
BRDA:530,44,1,0
BRDA:551,45,0,0
BRDA:551,45,1,3
BRF:103
BRH:81
end_of_record
TN:
SF:utils\db.js
FN:16,(anonymous_0)
FN:31,(anonymous_1)
FN:32,(anonymous_2)
FN:41,(anonymous_3)
FNF:4
FNH:3
FNDA:11,(anonymous_0)
FNDA:3,(anonymous_1)
FNDA:3,(anonymous_2)
FNDA:0,(anonymous_3)
DA:1,4
DA:4,4
DA:16,4
DA:17,11
DA:18,11
DA:19,11
DA:20,11
DA:21,10
DA:22,9
DA:24,2
DA:25,2
DA:27,11
DA:31,4
DA:32,3
DA:33,3
DA:34,1
DA:36,1
DA:37,1
DA:39,2
DA:40,2
DA:41,2
DA:42,0
DA:43,0
DA:49,4
LF:24
LH:22
BRDA:33,0,0,1
BRDA:33,0,1,2
BRF:2
BRH:2
end_of_record
TN:
SF:utils\email.js
FN:13,(anonymous_0)
FN:14,(anonymous_1)
FN:21,(anonymous_2)
FNF:3
FNH:3
FNDA:3,(anonymous_0)
FNDA:3,(anonymous_1)
FNDA:3,(anonymous_2)
DA:1,3
DA:4,3
DA:13,3
DA:14,3
DA:15,3
DA:21,3
DA:22,3
DA:23,1
DA:25,2
DA:27,3
DA:33,3
LF:11
LH:11
BRDA:22,0,0,1
BRDA:22,0,1,2
BRF:2
BRH:2
end_of_record
