TN:
SF:jest.config.js
FNF:0
FNH:0
DA:2,0
LF:1
LH:0
BRF:0
BRH:0
end_of_record
TN:
SF:server.js
FN:39,(anonymous_0)
FN:52,(anonymous_1)
FN:61,(anonymous_2)
FN:72,(anonymous_3)
FN:74,(anonymous_4)
FN:95,(anonymous_5)
FN:119,(anonymous_6)
FN:151,(anonymous_7)
FN:153,(anonymous_8)
FN:175,(anonymous_9)
FN:199,(anonymous_10)
FN:232,(anonymous_11)
FN:242,(anonymous_12)
FN:260,(anonymous_13)
FN:269,(anonymous_14)
FN:278,(anonymous_15)
FN:299,(anonymous_16)
FN:311,(anonymous_17)
FN:329,(anonymous_18)
FN:341,(anonymous_19)
FN:387,(anonymous_20)
FN:390,(anonymous_21)
FN:422,(anonymous_22)
FN:437,(anonymous_23)
FN:451,(anonymous_24)
FN:465,(anonymous_25)
FN:488,(anonymous_26)
FN:491,(anonymous_27)
FN:495,(anonymous_28)
FN:517,(anonymous_29)
FNF:30
FNH:21
FNDA:4,(anonymous_0)
FNDA:21,(anonymous_1)
FNDA:2,(anonymous_2)
FNDA:2,(anonymous_3)
FNDA:1,(anonymous_4)
FNDA:4,(anonymous_5)
FNDA:2,(anonymous_6)
FNDA:2,(anonymous_7)
FNDA:1,(anonymous_8)
FNDA:2,(anonymous_9)
FNDA:2,(anonymous_10)
FNDA:3,(anonymous_11)
FNDA:1,(anonymous_12)
FNDA:2,(anonymous_13)
FNDA:1,(anonymous_14)
FNDA:2,(anonymous_15)
FNDA:3,(anonymous_16)
FNDA:2,(anonymous_17)
FNDA:3,(anonymous_18)
FNDA:1,(anonymous_19)
FNDA:1,(anonymous_20)
FNDA:0,(anonymous_21)
FNDA:0,(anonymous_22)
FNDA:0,(anonymous_23)
FNDA:0,(anonymous_24)
FNDA:0,(anonymous_25)
FNDA:0,(anonymous_26)
FNDA:0,(anonymous_27)
FNDA:0,(anonymous_28)
FNDA:0,(anonymous_29)
DA:1,1
DA:2,1
DA:3,1
DA:4,1
DA:5,1
DA:6,1
DA:7,1
DA:8,1
DA:11,1
DA:12,1
DA:14,1
DA:15,1
DA:16,1
DA:25,1
DA:36,1
DA:39,1
DA:40,4
DA:41,4
DA:47,1
DA:48,1
DA:49,1
DA:52,1
DA:53,21
DA:54,21
DA:58,1
DA:61,1
DA:63,2
DA:64,2
DA:65,2
DA:67,0
DA:72,1
DA:73,2
DA:74,2
DA:75,1
DA:76,0
DA:77,0
DA:81,0
DA:83,0
DA:90,2
DA:95,1
DA:96,4
DA:97,4
DA:98,4
DA:99,1
DA:105,3
DA:106,0
DA:112,3
DA:113,3
DA:114,1
DA:119,2
DA:120,2
DA:124,2
DA:125,1
DA:127,1
DA:128,1
DA:132,1
DA:134,1
DA:140,1
DA:141,1
DA:146,0
DA:151,1
DA:152,2
DA:153,2
DA:154,1
DA:155,0
DA:157,0
DA:161,0
DA:163,0
DA:170,2
DA:175,1
DA:176,2
DA:177,2
DA:178,2
DA:179,0
DA:185,2
DA:186,0
DA:192,2
DA:193,2
DA:194,0
DA:199,2
DA:200,2
DA:204,2
DA:205,1
DA:207,1
DA:208,1
DA:212,1
DA:214,1
DA:220,1
DA:221,1
DA:226,0
DA:232,1
DA:233,3
DA:235,3
DA:236,2
DA:241,1
DA:242,1
DA:243,1
DA:250,1
DA:255,0
DA:260,1
DA:261,2
DA:262,2
DA:263,1
DA:268,1
DA:269,1
DA:270,1
DA:278,2
DA:282,1
DA:286,1
DA:288,1
DA:293,0
DA:299,1
DA:300,3
DA:301,3
DA:302,3
DA:303,1
DA:309,2
DA:311,2
DA:312,2
DA:318,2
DA:319,2
DA:324,0
DA:329,1
DA:330,3
DA:331,3
DA:332,3
DA:334,3
DA:335,1
DA:341,2
DA:342,1
DA:347,1
DA:348,0
DA:351,1
DA:353,1
DA:358,1
DA:361,1
DA:367,1
DA:369,1
DA:374,1
DA:375,1
DA:380,0
DA:385,1
DA:387,1
DA:388,1
DA:390,1
DA:391,0
DA:392,0
DA:393,0
DA:394,0
DA:395,0
DA:397,0
DA:401,0
DA:402,0
DA:403,0
DA:405,0
DA:406,0
DA:407,0
DA:409,0
DA:410,0
DA:412,0
DA:417,0
DA:418,0
DA:422,1
DA:423,0
DA:424,0
DA:425,0
DA:426,0
DA:427,0
DA:429,0
DA:431,0
DA:432,0
DA:437,1
DA:438,0
DA:439,0
DA:440,0
DA:441,0
DA:443,0
DA:445,0
DA:446,0
DA:451,1
DA:452,0
DA:453,0
DA:454,0
DA:455,0
DA:457,0
DA:459,0
DA:460,0
DA:465,1
DA:466,0
DA:467,0
DA:468,0
DA:469,0
DA:471,0
DA:472,0
DA:473,0
DA:474,0
DA:475,0
DA:477,0
DA:480,0
DA:482,0
DA:483,0
DA:488,1
DA:489,0
DA:490,0
DA:491,0
DA:492,0
DA:493,0
DA:494,0
DA:495,0
DA:496,0
DA:497,0
DA:501,0
DA:506,0
DA:512,1
DA:513,1
DA:516,1
DA:517,0
DA:518,0
LF:218
LH:133
BRDA:39,0,0,0
BRDA:98,1,0,1
BRDA:98,1,1,3
BRDA:98,2,0,4
BRDA:98,2,1,4
BRDA:98,2,2,3
BRDA:105,3,0,0
BRDA:105,3,1,3
BRDA:105,4,0,3
BRDA:105,4,1,3
BRDA:105,4,2,3
BRDA:113,5,0,1
BRDA:113,5,1,2
BRDA:124,6,0,1
BRDA:124,6,1,1
BRDA:140,7,0,1
BRDA:140,7,1,0
BRDA:178,8,0,0
BRDA:178,8,1,2
BRDA:178,9,0,2
BRDA:178,9,1,2
BRDA:178,9,2,2
BRDA:185,10,0,0
BRDA:185,10,1,2
BRDA:185,11,0,2
BRDA:185,11,1,2
BRDA:185,11,2,2
BRDA:193,12,0,0
BRDA:193,12,1,2
BRDA:204,13,0,1
BRDA:204,13,1,1
BRDA:220,14,0,1
BRDA:220,14,1,0
BRDA:235,15,0,2
BRDA:235,15,1,1
BRDA:235,16,0,3
BRDA:235,16,1,3
BRDA:235,16,2,2
BRDA:235,16,3,2
BRDA:262,17,0,1
BRDA:262,17,1,1
BRDA:302,18,0,1
BRDA:302,18,1,2
BRDA:302,19,0,3
BRDA:302,19,1,3
BRDA:332,20,0,3
BRDA:332,20,1,3
BRDA:334,21,0,1
BRDA:334,21,1,2
BRDA:334,22,0,3
BRDA:334,22,1,3
BRDA:334,22,2,2
BRDA:347,23,0,0
BRDA:347,23,1,1
BRDA:374,24,0,1
BRDA:374,24,1,0
BRDA:393,25,0,0
BRDA:393,25,1,0
BRDA:393,26,0,0
BRDA:393,26,1,0
BRDA:393,26,2,0
BRDA:401,27,0,0
BRDA:401,27,1,0
BRDA:409,28,0,0
BRDA:409,28,1,0
BRDA:425,29,0,0
BRDA:425,29,1,0
BRDA:425,30,0,0
BRDA:425,30,1,0
BRDA:425,30,2,0
BRDA:425,30,3,0
BRDA:439,31,0,0
BRDA:439,31,1,0
BRDA:439,32,0,0
BRDA:439,32,1,0
BRDA:453,33,0,0
BRDA:453,33,1,0
BRDA:453,34,0,0
BRDA:453,34,1,0
BRDA:453,34,2,0
BRDA:453,34,3,0
BRDA:467,35,0,0
BRDA:467,35,1,0
BRDA:472,36,0,0
BRDA:472,36,1,0
BRDA:474,37,0,0
BRDA:474,37,1,0
BRDA:492,38,0,0
BRDA:492,38,1,0
BRDA:494,39,0,0
BRDA:494,39,1,0
BRDA:496,40,0,0
BRDA:496,40,1,0
BRDA:496,41,0,0
BRDA:496,41,1,0
BRDA:516,42,0,0
BRDA:516,42,1,1
BRF:97
BRH:48
end_of_record
TN:
SF:utils\db.js
FN:14,(anonymous_0)
FN:29,(anonymous_1)
FN:30,(anonymous_2)
FN:38,(anonymous_3)
FNF:4
FNH:0
FNDA:0,(anonymous_0)
FNDA:0,(anonymous_1)
FNDA:0,(anonymous_2)
FNDA:0,(anonymous_3)
DA:1,0
DA:4,0
DA:14,0
DA:15,0
DA:16,0
DA:17,0
DA:18,0
DA:19,0
DA:20,0
DA:22,0
DA:23,0
DA:25,0
DA:29,0
DA:30,0
DA:31,0
DA:32,0
DA:33,0
DA:34,0
DA:36,0
DA:37,0
DA:38,0
DA:39,0
DA:40,0
DA:45,0
LF:24
LH:0
BRDA:31,0,0,0
BRDA:31,0,1,0
BRF:2
BRH:0
end_of_record
TN:
SF:utils\email.js
FN:11,(anonymous_0)
FN:12,(anonymous_1)
FN:20,(anonymous_2)
FNF:3
FNH:0
FNDA:0,(anonymous_0)
FNDA:0,(anonymous_1)
FNDA:0,(anonymous_2)
DA:1,0
DA:3,0
DA:11,0
DA:12,0
DA:13,0
DA:20,0
DA:21,0
DA:22,0
DA:24,0
DA:26,0
DA:31,0
LF:11
LH:0
BRDA:21,0,0,0
BRDA:21,0,1,0
BRF:2
BRH:0
end_of_record
